\BOOKMARK [0][-]{chapter*.4}{\376\377\000A\000b\000b\000r\000e\000v\000i\000a\000t\000i\000o\000n\000s}{}% 1
\BOOKMARK [0][-]{chapter*.5}{\376\377\000G\000e\000n\000e\000r\000a\000l\000\040\000I\000n\000t\000r\000o\000d\000u\000c\000t\000i\000o\000n}{}% 2
\BOOKMARK [0][-]{chapter.1}{\376\377\000P\000r\000o\000j\000e\000c\000t\000\040\000C\000o\000n\000t\000e\000x\000t\000\040\000a\000n\000d\000\040\000R\000e\000q\000u\000i\000r\000e\000m\000e\000n\000t\000s\000\040\000A\000n\000a\000l\000y\000s\000i\000s}{}% 3
\BOOKMARK [1][-]{section.1.1}{\376\377\000G\000e\000n\000e\000r\000a\000l\000\040\000C\000o\000n\000t\000e\000x\000t\000\040\000a\000n\000d\000\040\000P\000r\000e\000l\000i\000m\000i\000n\000a\000r\000y\000\040\000S\000t\000u\000d\000y}{chapter.1}% 4
\BOOKMARK [2][-]{subsection.1.1.1}{\376\377\000G\000e\000n\000e\000r\000a\000l\000\040\000C\000o\000n\000t\000e\000x\000t\000\040\000o\000f\000\040\000t\000h\000e\000\040\000P\000r\000o\000j\000e\000c\000t}{section.1.1}% 5
\BOOKMARK [3][-]{subsubsection.1.1.1.1}{\376\377\000P\000r\000o\000j\000e\000c\000t\000\040\000C\000o\000n\000t\000e\000x\000t}{subsection.1.1.1}% 6
\BOOKMARK [3][-]{subsubsection.1.1.1.2}{\376\377\000H\000o\000s\000t\000i\000n\000g\000\040\000O\000r\000g\000a\000n\000i\000z\000a\000t\000i\000o\000n}{subsection.1.1.1}% 7
\BOOKMARK [2][-]{subsection.1.1.2}{\376\377\000P\000r\000o\000j\000e\000c\000t\000\040\000P\000r\000e\000s\000e\000n\000t\000a\000t\000i\000o\000n}{section.1.1}% 8
\BOOKMARK [3][-]{subsubsection.1.1.2.1}{\376\377\000C\000h\000a\000l\000l\000e\000n\000g\000e\000s}{subsection.1.1.2}% 9
\BOOKMARK [3][-]{subsubsection.1.1.2.2}{\376\377\000C\000u\000r\000r\000e\000n\000t\000\040\000S\000y\000s\000t\000e\000m\000\040\000A\000s\000s\000e\000s\000s\000m\000e\000n\000t}{subsection.1.1.2}% 10
\BOOKMARK [3][-]{subsubsection.1.1.2.3}{\376\377\000C\000r\000i\000t\000i\000c\000i\000s\000m\000\040\000o\000f\000\040\000t\000h\000e\000\040\000E\000x\000i\000s\000t\000i\000n\000g\000\040\000S\000y\000s\000t\000e\000m}{subsection.1.1.2}% 11
\BOOKMARK [3][-]{subsubsection.1.1.2.4}{\376\377\000P\000r\000o\000j\000e\000c\000t\000\040\000G\000o\000a\000l\000s}{subsection.1.1.2}% 12
\BOOKMARK [3][-]{subsubsection.1.1.2.5}{\376\377\000S\000o\000l\000u\000t\000i\000o\000n\000\040\000O\000v\000e\000r\000v\000i\000e\000w}{subsection.1.1.2}% 13
\BOOKMARK [2][-]{subsection.1.1.3}{\376\377\000I\000n\000v\000e\000s\000t\000i\000g\000a\000t\000i\000o\000n\000\040\000o\000f\000\040\000A\000p\000p\000r\000o\000a\000c\000h\000e\000s}{section.1.1}% 14
\BOOKMARK [3][-]{subsubsection.1.1.3.1}{\376\377\000A\000g\000i\000l\000e\000\040\000M\000e\000t\000h\000o\000d\000o\000l\000o\000g\000y\000:\000\040\000S\000c\000r\000u\000m}{subsection.1.1.3}% 15
\BOOKMARK [3][-]{subsubsection.1.1.3.2}{\376\377\000M\000e\000t\000h\000o\000d\000o\000l\000o\000g\000y\000\040\000C\000o\000m\000p\000a\000r\000i\000s\000o\000n\000:\000\040\000S\000c\000r\000u\000m\000,\000\040\000X\000P\000,\000\040\000a\000n\000d\000\040\000K\000a\000n\000b\000a\000n}{subsection.1.1.3}% 16
\BOOKMARK [3][-]{subsubsection.1.1.3.3}{\376\377\000W\000h\000y\000\040\000S\000c\000r\000u\000m}{subsection.1.1.3}% 17
\BOOKMARK [3][-]{subsubsection.1.1.3.4}{\376\377\000P\000r\000o\000j\000e\000c\000t\000\040\000M\000a\000n\000a\000g\000e\000m\000e\000n\000t\000\040\000w\000i\000t\000h\000\040\000J\000i\000r\000a}{subsection.1.1.3}% 18
\BOOKMARK [3][-]{subsubsection.1.1.3.5}{\376\377\000V\000e\000r\000s\000i\000o\000n\000\040\000C\000o\000n\000t\000r\000o\000l\000\040\000w\000i\000t\000h\000\040\000G\000i\000t\000H\000u\000b}{subsection.1.1.3}% 19
\BOOKMARK [1][-]{section.1.2}{\376\377\000R\000e\000q\000u\000i\000r\000e\000m\000e\000n\000t\000s\000\040\000A\000n\000a\000l\000y\000s\000i\000s\000\040\000a\000n\000d\000\040\000S\000p\000e\000c\000i\000f\000i\000c\000a\000t\000i\000o\000n\000s}{chapter.1}% 20
\BOOKMARK [2][-]{subsection.1.2.1}{\376\377\000R\000e\000q\000u\000i\000r\000e\000m\000e\000n\000t\000s\000\040\000A\000n\000a\000l\000y\000s\000i\000s}{section.1.2}% 21
\BOOKMARK [3][-]{subsubsection.1.2.1.1}{\376\377\000A\000c\000t\000o\000r\000s\000\040\000I\000d\000e\000n\000t\000i\000f\000i\000c\000a\000t\000i\000o\000n}{subsection.1.2.1}% 22
\BOOKMARK [3][-]{subsubsection.1.2.1.2}{\376\377\000S\000t\000a\000t\000i\000c\000\040\000C\000o\000n\000t\000e\000x\000t\000\040\000D\000i\000a\000g\000r\000a\000m}{subsection.1.2.1}% 23
\BOOKMARK [3][-]{subsubsection.1.2.1.3}{\376\377\000F\000u\000n\000c\000t\000i\000o\000n\000a\000l\000\040\000R\000e\000q\000u\000i\000r\000e\000m\000e\000n\000t\000s}{subsection.1.2.1}% 24
\BOOKMARK [3][-]{subsubsection.1.2.1.4}{\376\377\000N\000o\000n\000-\000F\000u\000n\000c\000t\000i\000o\000n\000a\000l\000\040\000R\000e\000q\000u\000i\000r\000e\000m\000e\000n\000t\000s}{subsection.1.2.1}% 25
\BOOKMARK [2][-]{subsection.1.2.2}{\376\377\000T\000e\000c\000h\000n\000i\000c\000a\000l\000\040\000S\000p\000e\000c\000i\000f\000i\000c\000a\000t\000i\000o\000n\000s}{section.1.2}% 26
\BOOKMARK [3][-]{subsubsection.1.2.2.1}{\376\377\000H\000a\000r\000d\000w\000a\000r\000e\000\040\000E\000n\000v\000i\000r\000o\000n\000m\000e\000n\000t}{subsection.1.2.2}% 27
\BOOKMARK [3][-]{subsubsection.1.2.2.2}{\376\377\000T\000e\000c\000h\000n\000o\000l\000o\000g\000i\000c\000a\000l\000\040\000E\000n\000v\000i\000r\000o\000n\000m\000e\000n\000t}{subsection.1.2.2}% 28
\BOOKMARK [3][-]{subsubsection.1.2.2.3}{\376\377\000S\000o\000f\000t\000w\000a\000r\000e\000\040\000E\000n\000v\000i\000r\000o\000n\000m\000e\000n\000t}{subsection.1.2.2}% 29
\BOOKMARK [3][-]{subsubsection.1.2.2.4}{\376\377\000A\000d\000d\000i\000t\000i\000o\000n\000a\000l\000\040\000T\000o\000o\000l\000s}{subsection.1.2.2}% 30
\BOOKMARK [2][-]{subsection.1.2.3}{\376\377\000P\000r\000o\000j\000e\000c\000t\000\040\000A\000r\000c\000h\000i\000t\000e\000c\000t\000u\000r\000e}{section.1.2}% 31
\BOOKMARK [3][-]{subsubsection.1.2.3.1}{\376\377\000C\000l\000e\000a\000n\000\040\000A\000r\000c\000h\000i\000t\000e\000c\000t\000u\000r\000e}{subsection.1.2.3}% 32
\BOOKMARK [3][-]{subsubsection.1.2.3.2}{\376\377\000M\000i\000c\000r\000o\000s\000e\000r\000v\000i\000c\000e\000s\000\040\000A\000r\000c\000h\000i\000t\000e\000c\000t\000u\000r\000e}{subsection.1.2.3}% 33
\BOOKMARK [3][-]{subsubsection.1.2.3.3}{\376\377\000F\000r\000o\000n\000t\000e\000n\000d\000\040\000A\000r\000c\000h\000i\000t\000e\000c\000t\000u\000r\000e\000:\000\040\000M\000V\000V\000M}{subsection.1.2.3}% 34
\BOOKMARK [3][-]{subsubsection.1.2.3.4}{\376\377\000B\000a\000c\000k\000e\000n\000d\000\040\000S\000e\000r\000v\000i\000c\000e\000\040\000A\000r\000c\000h\000i\000t\000e\000c\000t\000u\000r\000e\000s}{subsection.1.2.3}% 35
\BOOKMARK [3][-]{subsubsection.1.2.3.5}{\376\377\000O\000v\000e\000r\000a\000l\000l\000\040\000A\000p\000p\000l\000i\000c\000a\000t\000i\000o\000n\000\040\000S\000t\000r\000u\000c\000t\000u\000r\000e}{subsection.1.2.3}% 36
\BOOKMARK [2][-]{subsection.1.2.4}{\376\377\000S\000c\000r\000u\000m\000\040\000M\000e\000t\000h\000o\000d\000o\000l\000o\000g\000y\000\040\000i\000n\000\040\000P\000r\000o\000j\000e\000c\000t\000\040\000M\000a\000n\000a\000g\000e\000m\000e\000n\000t}{section.1.2}% 37
\BOOKMARK [2][-]{subsection.1.2.5}{\376\377\000P\000r\000o\000d\000u\000c\000t\000\040\000B\000a\000c\000k\000l\000o\000g}{section.1.2}% 38
\BOOKMARK [2][-]{subsection.1.2.6}{\376\377\000G\000l\000o\000b\000a\000l\000\040\000S\000y\000s\000t\000e\000m\000\040\000U\000s\000e\000\040\000C\000a\000s\000e\000\040\000D\000i\000a\000g\000r\000a\000m}{section.1.2}% 39
\BOOKMARK [2][-]{subsection.1.2.7}{\376\377\000G\000l\000o\000b\000a\000l\000\040\000C\000l\000a\000s\000s\000\040\000D\000i\000a\000g\000r\000a\000m}{section.1.2}% 40
\BOOKMARK [2][-]{subsection.1.2.8}{\376\377\000S\000p\000r\000i\000n\000t\000\040\000P\000l\000a\000n\000n\000i\000n\000g}{section.1.2}% 41
\BOOKMARK [2][-]{subsection.1.2.9}{\376\377\000G\000a\000n\000t\000t\000\040\000D\000i\000a\000g\000r\000a\000m}{section.1.2}% 42
\BOOKMARK [0][-]{chapter.2}{\376\377\000I\000m\000p\000l\000e\000m\000e\000n\000t\000a\000t\000i\000o\000n\000\040\000o\000f\000\040\000S\000p\000r\000i\000n\000t\000\040\000I\000:\000\040\000I\000d\000e\000n\000t\000i\000t\000y\000\040\000\046\000\040\000A\000c\000c\000e\000s\000s\000\040\000M\000a\000n\000a\000g\000e\000m\000e\000n\000t}{}% 43
\BOOKMARK [1][-]{section.2.1}{\376\377\000I\000n\000t\000r\000o\000d\000u\000c\000t\000i\000o\000n}{chapter.2}% 44
\BOOKMARK [1][-]{section.2.2}{\376\377\000S\000p\000r\000i\000n\000t\000\040\000I\000\040\000B\000a\000c\000k\000l\000o\000g}{chapter.2}% 45
\BOOKMARK [1][-]{section.2.3}{\376\377\000F\000u\000n\000c\000t\000i\000o\000n\000a\000l\000\040\000O\000v\000e\000r\000v\000i\000e\000w\000\040\040\023\000\040\000S\000p\000r\000i\000n\000t\000\040\000I}{chapter.2}% 46
\BOOKMARK [2][-]{subsection.2.3.1}{\376\377\000U\000s\000e\000\040\000C\000a\000s\000e\000\040\000D\000i\000a\000g\000r\000a\000m\000s\000\040\040\023\000\040\000S\000p\000r\000i\000n\000t\000\040\000I}{section.2.3}% 47
\BOOKMARK [2][-]{subsection.2.3.2}{\376\377\000T\000e\000x\000t\000u\000a\000l\000\040\000U\000s\000e\000\040\000C\000a\000s\000e\000\040\000S\000p\000e\000c\000i\000f\000i\000c\000a\000t\000i\000o\000n\000\040\040\023\000\040\000S\000p\000r\000i\000n\000t\000\040\000I}{section.2.3}% 48
\BOOKMARK [1][-]{section.2.4}{\376\377\000C\000o\000n\000c\000e\000p\000t\000i\000o\000n\000\040\000O\000v\000e\000r\000v\000i\000e\000w\000\040\000o\000f\000\040\000S\000p\000r\000i\000n\000t\000\040\000I}{chapter.2}% 49
\BOOKMARK [2][-]{subsection.2.4.1}{\376\377\000C\000l\000a\000s\000s\000\040\000D\000i\000a\000g\000r\000a\000m\000s\000\040\040\023\000\040\000S\000p\000r\000i\000n\000t\000\040\000I}{section.2.4}% 50
\BOOKMARK [2][-]{subsection.2.4.2}{\376\377\000S\000e\000q\000u\000e\000n\000c\000e\000\040\000D\000i\000a\000g\000r\000a\000m\000s\000\040\040\023\000\040\000S\000p\000r\000i\000n\000t\000\040\000I}{section.2.4}% 51
\BOOKMARK [1][-]{section.2.5}{\376\377\000R\000e\000a\000l\000i\000s\000a\000t\000i\000o\000n\000\040\000o\000f\000\040\000S\000p\000r\000i\000n\000t\000\040\000I}{chapter.2}% 52
\BOOKMARK [1][-]{section.2.6}{\376\377\000T\000h\000e\000\040\000R\000e\000v\000i\000e\000w\000\040\000o\000f\000\040\000S\000p\000r\000i\000n\000t\000\040\000I}{chapter.2}% 53
\BOOKMARK [1][-]{section.2.7}{\376\377\000S\000p\000r\000i\000n\000t\000\040\000I\000\040\000R\000e\000t\000r\000o\000s\000p\000e\000c\000t\000i\000v\000e}{chapter.2}% 54
\BOOKMARK [0][-]{chapter.3}{\376\377\000I\000m\000p\000l\000e\000m\000e\000n\000t\000a\000t\000i\000o\000n\000\040\000o\000f\000\040\000S\000p\000r\000i\000n\000t\000\040\000I\000I\000:\000\040\000C\000a\000m\000e\000r\000a\000\040\000\046\000\040\000S\000t\000r\000e\000a\000m\000\040\000M\000a\000n\000a\000g\000e\000m\000e\000n\000t}{}% 55
\BOOKMARK [1][-]{section.3.1}{\376\377\000I\000n\000t\000r\000o\000d\000u\000c\000t\000i\000o\000n}{chapter.3}% 56
\BOOKMARK [1][-]{section.3.2}{\376\377\000S\000p\000r\000i\000n\000t\000\040\000I\000I\000\040\000B\000a\000c\000k\000l\000o\000g}{chapter.3}% 57
\BOOKMARK [1][-]{section.3.3}{\376\377\000F\000u\000n\000c\000t\000i\000o\000n\000a\000l\000\040\000O\000v\000e\000r\000v\000i\000e\000w\000\040\040\023\000\040\000S\000p\000r\000i\000n\000t\000\040\000I\000I}{chapter.3}% 58
\BOOKMARK [2][-]{subsection.3.3.1}{\376\377\000U\000s\000e\000\040\000C\000a\000s\000e\000\040\000D\000i\000a\000g\000r\000a\000m\000s\000\040\040\023\000\040\000S\000p\000r\000i\000n\000t\000\040\000I\000I}{section.3.3}% 59
\BOOKMARK [2][-]{subsection.3.3.2}{\376\377\000T\000e\000x\000t\000u\000a\000l\000\040\000U\000s\000e\000\040\000C\000a\000s\000e\000\040\000S\000p\000e\000c\000i\000f\000i\000c\000a\000t\000i\000o\000n\000\040\040\023\000\040\000S\000p\000r\000i\000n\000t\000\040\000I\000I}{section.3.3}% 60
\BOOKMARK [1][-]{section.3.4}{\376\377\000C\000o\000n\000c\000e\000p\000t\000i\000o\000n\000\040\000O\000v\000e\000r\000v\000i\000e\000w\000\040\000o\000f\000\040\000S\000p\000r\000i\000n\000t\000\040\000I\000I}{chapter.3}% 61
\BOOKMARK [2][-]{subsection.3.4.1}{\376\377\000C\000l\000a\000s\000s\000\040\000D\000i\000a\000g\000r\000a\000m\000s\000\040\040\023\000\040\000S\000p\000r\000i\000n\000t\000\040\000I\000I}{section.3.4}% 62
\BOOKMARK [2][-]{subsection.3.4.2}{\376\377\000S\000e\000q\000u\000e\000n\000c\000e\000\040\000D\000i\000a\000g\000r\000a\000m\000s\000\040\040\023\000\040\000S\000p\000r\000i\000n\000t\000\040\000I\000I}{section.3.4}% 63
\BOOKMARK [1][-]{section.3.5}{\376\377\000R\000e\000a\000l\000i\000s\000a\000t\000i\000o\000n\000\040\000o\000f\000\040\000S\000p\000r\000i\000n\000t\000\040\000I\000I}{chapter.3}% 64
\BOOKMARK [1][-]{section.3.6}{\376\377\000T\000h\000e\000\040\000R\000e\000v\000i\000e\000w\000\040\000o\000f\000\040\000S\000p\000r\000i\000n\000t\000\040\000I\000I}{chapter.3}% 65
\BOOKMARK [1][-]{section.3.7}{\376\377\000S\000p\000r\000i\000n\000t\000\040\000I\000I\000\040\000R\000e\000t\000r\000o\000s\000p\000e\000c\000t\000i\000v\000e}{chapter.3}% 66
\BOOKMARK [0][-]{chapter*.68}{\376\377\000G\000e\000n\000e\000r\000a\000l\000\040\000C\000o\000n\000c\000l\000u\000s\000i\000o\000n}{}% 67
\BOOKMARK [0][-]{chapter*.69}{\376\377\000B\000i\000b\000l\000i\000o\000g\000r\000a\000p\000h\000y\000\040\000\046\000\040\000N\000e\000t\000o\000g\000r\000a\000p\000h\000y}{}% 68
